<?xml version="1.0" encoding="UTF-8"?>
<testng-results ignored="0" total="1" passed="1" failed="0" skipped="0">
  <reporter-output>
  </reporter-output>
  <suite started-at="2021-06-07T14:14:15 PET" name="cs.AppTest" finished-at="2021-06-07T14:14:15 PET" duration-ms="58">
    <groups>
    </groups>
    <test started-at="2021-06-07T14:14:15 PET" name="Command line test" finished-at="2021-06-07T14:14:15 PET" duration-ms="58">
      <class name="cs.AppTest">
        <test-method signature="test()[pri:0, instance:cs.AppTest@73ab3aac]" started-at="2021-06-07T14:14:15 PET" name="test" finished-at="2021-06-07T14:14:15 PET" duration-ms="11" status="PASS">
          <reporter-output>
          </reporter-output>
        </test-method> <!-- test -->
      </class> <!-- cs.AppTest -->
    </test> <!-- Command line test -->
  </suite> <!-- cs.AppTest -->
</testng-results>
